Error: /Users/dagnikos/Projects/AutoCode/tempcode/ProjectName/Implementations/ArticleService.cs(110,55): error CS1061: 'bool' does not contain a definition for 'Value' and no accessible extension method 'Value' accepting a first argument of type 'bool' could be found (are you missing a using directive or an assembly reference?)
Error: /Users/dagnikos/Projects/AutoCode/tempcode/ProjectName/Implementations/ArticleService.cs(112,17): error CS0117: 'Article' does not contain a definition for 'PDF'
Error: /Users/dagnikos/Projects/AutoCode/tempcode/ProjectName/Implementations/ArticleService.cs(114,41): error CS1061: 'bool' does not contain a definition for 'Value' and no accessible extension method 'Value' accepting a first argument of type 'bool' could be found (are you missing a using directive or an assembly reference?)
Error: /Users/dagnikos/Projects/AutoCode/tempcode/ProjectName/Implementations/ArticleService.cs(115,41): error CS1061: 'bool' does not contain a definition for 'Value' and no accessible extension method 'Value' accepting a first argument of type 'bool' could be found (are you missing a using directive or an assembly reference?)
Error: /Users/dagnikos/Projects/AutoCode/tempcode/ProjectName/Implementations/ArticleService.cs(116,43): error CS1061: 'bool' does not contain a definition for 'Value' and no accessible extension method 'Value' accepting a first argument of type 'bool' could be found (are you missing a using directive or an assembly reference?)
Error: /Users/dagnikos/Projects/AutoCode/tempcode/ProjectName/Implementations/ArticleService.cs(157,45): error CS1061: 'Article' does not contain a definition for 'PDF' and no accessible extension method 'PDF' accepting a first argument of type 'Article' could be found (are you missing a using directive or an assembly reference?)
Error: 6 Error(s)
