Microsoft (R) Build Engine version 17.0.1+b177f8fa7 for .NET
Copyright (C) Microsoft Corporation. All rights reserved.

  Determining projects to restore...
  All projects are up-to-date for restore.
/usr/local/share/dotnet/sdk/6.0.129/Sdks/Microsoft.NET.Sdk.Razor/targets/Sdk.Razor.CurrentVersion.targets(443,5): warning RAZORSDK1006: Detected Razor language version downgrade. This is typically caused by a reference to the Microsoft.AspNetCore.Razor.Design package. Consider removing this package reference. [/Users/dagnikos/Projects/AutoCode/tempcode/ProjectName/ProjectName.csproj]
/Users/dagnikos/Projects/AutoCode/tempcode/ProjectName/Implementations/FAQService.cs(157,17): error CS1003: Syntax error, '(' expected [/Users/dagnikos/Projects/AutoCode/tempcode/ProjectName/ProjectName.csproj]
/Users/dagnikos/Projects/AutoCode/tempcode/ProjectName/Implementations/FAQService.cs(157,28): error CS1003: Syntax error, ',' expected [/Users/dagnikos/Projects/AutoCode/tempcode/ProjectName/ProjectName.csproj]
/Users/dagnikos/Projects/AutoCode/tempcode/ProjectName/Implementations/FAQService.cs(157,31): error CS1003: Syntax error, ',' expected [/Users/dagnikos/Projects/AutoCode/tempcode/ProjectName/ProjectName.csproj]
/Users/dagnikos/Projects/AutoCode/tempcode/ProjectName/Implementations/FAQService.cs(157,52): error CS1003: Syntax error, ',' expected [/Users/dagnikos/Projects/AutoCode/tempcode/ProjectName/ProjectName.csproj]
/Users/dagnikos/Projects/AutoCode/tempcode/ProjectName/Implementations/FAQService.cs(157,53): error CS1003: Syntax error, ',' expected [/Users/dagnikos/Projects/AutoCode/tempcode/ProjectName/ProjectName.csproj]
/Users/dagnikos/Projects/AutoCode/tempcode/ProjectName/Implementations/FAQService.cs(158,21): error CS1003: Syntax error, ',' expected [/Users/dagnikos/Projects/AutoCode/tempcode/ProjectName/ProjectName.csproj]
/Users/dagnikos/Projects/AutoCode/tempcode/ProjectName/Implementations/FAQService.cs(159,21): error CS1002: ; expected [/Users/dagnikos/Projects/AutoCode/tempcode/ProjectName/ProjectName.csproj]
/Users/dagnikos/Projects/AutoCode/tempcode/ProjectName/Implementations/FAQService.cs(159,89): error CS1026: ) expected [/Users/dagnikos/Projects/AutoCode/tempcode/ProjectName/ProjectName.csproj]
/Users/dagnikos/Projects/AutoCode/tempcode/ProjectName/Implementations/FAQService.cs(210,13): error CS1524: Expected catch or finally [/Users/dagnikos/Projects/AutoCode/tempcode/ProjectName/ProjectName.csproj]
/Users/dagnikos/Projects/AutoCode/tempcode/ProjectName/Implementations/FAQService.cs(172,20): error CS1514: { expected [/Users/dagnikos/Projects/AutoCode/tempcode/ProjectName/ProjectName.csproj]
/Users/dagnikos/Projects/AutoCode/tempcode/ProjectName/Implementations/FAQService.cs(172,20): error CS1513: } expected [/Users/dagnikos/Projects/AutoCode/tempcode/ProjectName/ProjectName.csproj]
/Users/dagnikos/Projects/AutoCode/tempcode/ProjectName/Implementations/FAQService.cs(207,33): error CS1002: ; expected [/Users/dagnikos/Projects/AutoCode/tempcode/ProjectName/ProjectName.csproj]
/Users/dagnikos/Projects/AutoCode/tempcode/ProjectName/Implementations/FAQService.cs(207,33): error CS1513: } expected [/Users/dagnikos/Projects/AutoCode/tempcode/ProjectName/ProjectName.csproj]
/Users/dagnikos/Projects/AutoCode/tempcode/ProjectName/Implementations/FAQService.cs(215,9): error CS0106: The modifier 'public' is not valid for this item [/Users/dagnikos/Projects/AutoCode/tempcode/ProjectName/ProjectName.csproj]
/Users/dagnikos/Projects/AutoCode/tempcode/ProjectName/Implementations/FAQService.cs(235,20): error CS1524: Expected catch or finally [/Users/dagnikos/Projects/AutoCode/tempcode/ProjectName/ProjectName.csproj]
/Users/dagnikos/Projects/AutoCode/tempcode/ProjectName/Implementations/FAQService.cs(235,20): error CS1514: { expected [/Users/dagnikos/Projects/AutoCode/tempcode/ProjectName/ProjectName.csproj]
/Users/dagnikos/Projects/AutoCode/tempcode/ProjectName/Implementations/FAQService.cs(235,20): error CS1513: } expected [/Users/dagnikos/Projects/AutoCode/tempcode/ProjectName/ProjectName.csproj]
/Users/dagnikos/Projects/AutoCode/tempcode/ProjectName/Implementations/FAQService.cs(243,33): error CS1002: ; expected [/Users/dagnikos/Projects/AutoCode/tempcode/ProjectName/ProjectName.csproj]
/Users/dagnikos/Projects/AutoCode/tempcode/ProjectName/Implementations/FAQService.cs(243,33): error CS1513: } expected [/Users/dagnikos/Projects/AutoCode/tempcode/ProjectName/ProjectName.csproj]
/Users/dagnikos/Projects/AutoCode/tempcode/ProjectName/Implementations/FAQService.cs(248,13): error CS1519: Invalid token 'return' in class, record, struct, or interface member declaration [/Users/dagnikos/Projects/AutoCode/tempcode/ProjectName/ProjectName.csproj]
/Users/dagnikos/Projects/AutoCode/tempcode/ProjectName/Implementations/FAQService.cs(248,24): error CS1519: Invalid token ';' in class, record, struct, or interface member declaration [/Users/dagnikos/Projects/AutoCode/tempcode/ProjectName/ProjectName.csproj]
/Users/dagnikos/Projects/AutoCode/tempcode/ProjectName/Implementations/FAQService.cs(268,30): error CS1026: ) expected [/Users/dagnikos/Projects/AutoCode/tempcode/ProjectName/ProjectName.csproj]
/Users/dagnikos/Projects/AutoCode/tempcode/ProjectName/Implementations/FAQService.cs(268,37): error CS1002: ; expected [/Users/dagnikos/Projects/AutoCode/tempcode/ProjectName/ProjectName.csproj]
/Users/dagnikos/Projects/AutoCode/tempcode/ProjectName/Implementations/FAQService.cs(268,47): error CS1002: ; expected [/Users/dagnikos/Projects/AutoCode/tempcode/ProjectName/ProjectName.csproj]
/Users/dagnikos/Projects/AutoCode/tempcode/ProjectName/Implementations/FAQService.cs(268,47): error CS1513: } expected [/Users/dagnikos/Projects/AutoCode/tempcode/ProjectName/ProjectName.csproj]
/Users/dagnikos/Projects/AutoCode/tempcode/ProjectName/Implementations/FAQService.cs(279,17): error CS1003: Syntax error, '(' expected [/Users/dagnikos/Projects/AutoCode/tempcode/ProjectName/ProjectName.csproj]
/Users/dagnikos/Projects/AutoCode/tempcode/ProjectName/Implementations/FAQService.cs(279,28): error CS1003: Syntax error, ',' expected [/Users/dagnikos/Projects/AutoCode/tempcode/ProjectName/ProjectName.csproj]
/Users/dagnikos/Projects/AutoCode/tempcode/ProjectName/Implementations/FAQService.cs(279,31): error CS1003: Syntax error, ',' expected [/Users/dagnikos/Projects/AutoCode/tempcode/ProjectName/ProjectName.csproj]
/Users/dagnikos/Projects/AutoCode/tempcode/ProjectName/Implementations/FAQService.cs(279,45): error CS1003: Syntax error, ',' expected [/Users/dagnikos/Projects/AutoCode/tempcode/ProjectName/ProjectName.csproj]
/Users/dagnikos/Projects/AutoCode/tempcode/ProjectName/Implementations/FAQService.cs(279,46): error CS1003: Syntax error, ',' expected [/Users/dagnikos/Projects/AutoCode/tempcode/ProjectName/ProjectName.csproj]
/Users/dagnikos/Projects/AutoCode/tempcode/ProjectName/Implementations/FAQService.cs(280,21): error CS1003: Syntax error, ',' expected [/Users/dagnikos/Projects/AutoCode/tempcode/ProjectName/ProjectName.csproj]
/Users/dagnikos/Projects/AutoCode/tempcode/ProjectName/Implementations/FAQService.cs(281,21): error CS1002: ; expected [/Users/dagnikos/Projects/AutoCode/tempcode/ProjectName/ProjectName.csproj]
/Users/dagnikos/Projects/AutoCode/tempcode/ProjectName/Implementations/FAQService.cs(281,89): error CS1026: ) expected [/Users/dagnikos/Projects/AutoCode/tempcode/ProjectName/ProjectName.csproj]
/Users/dagnikos/Projects/AutoCode/tempcode/ProjectName/Implementations/FAQService.cs(289,17): error CS1003: Syntax error, '(' expected [/Users/dagnikos/Projects/AutoCode/tempcode/ProjectName/ProjectName.csproj]
/Users/dagnikos/Projects/AutoCode/tempcode/ProjectName/Implementations/FAQService.cs(289,21): error CS1003: Syntax error, ',' expected [/Users/dagnikos/Projects/AutoCode/tempcode/ProjectName/ProjectName.csproj]
/Users/dagnikos/Projects/AutoCode/tempcode/ProjectName/Implementations/FAQService.cs(289,24): error CS1003: Syntax error, ',' expected [/Users/dagnikos/Projects/AutoCode/tempcode/ProjectName/ProjectName.csproj]
/Users/dagnikos/Projects/AutoCode/tempcode/ProjectName/Implementations/FAQService.cs(289,28): error CS1003: Syntax error, ',' expected [/Users/dagnikos/Projects/AutoCode/tempcode/ProjectName/ProjectName.csproj]
/Users/dagnikos/Projects/AutoCode/tempcode/ProjectName/Implementations/FAQService.cs(289,29): error CS1003: Syntax error, ',' expected [/Users/dagnikos/Projects/AutoCode/tempcode/ProjectName/ProjectName.csproj]
/Users/dagnikos/Projects/AutoCode/tempcode/ProjectName/Implementations/FAQService.cs(290,105): error CS1525: Invalid expression term 'return' [/Users/dagnikos/Projects/AutoCode/tempcode/ProjectName/ProjectName.csproj]
/Users/dagnikos/Projects/AutoCode/tempcode/ProjectName/Implementations/FAQService.cs(290,105): error CS1002: ; expected [/Users/dagnikos/Projects/AutoCode/tempcode/ProjectName/ProjectName.csproj]
/Users/dagnikos/Projects/AutoCode/tempcode/ProjectName/Implementations/FAQService.cs(290,105): error CS1026: ) expected [/Users/dagnikos/Projects/AutoCode/tempcode/ProjectName/ProjectName.csproj]
/Users/dagnikos/Projects/AutoCode/tempcode/ProjectName/Implementations/FAQService.cs(295,1): error CS1022: Type or namespace definition, or end-of-file expected [/Users/dagnikos/Projects/AutoCode/tempcode/ProjectName/ProjectName.csproj]

Build FAILED.

/usr/local/share/dotnet/sdk/6.0.129/Sdks/Microsoft.NET.Sdk.Razor/targets/Sdk.Razor.CurrentVersion.targets(443,5): warning RAZORSDK1006: Detected Razor language version downgrade. This is typically caused by a reference to the Microsoft.AspNetCore.Razor.Design package. Consider removing this package reference. [/Users/dagnikos/Projects/AutoCode/tempcode/ProjectName/ProjectName.csproj]
/Users/dagnikos/Projects/AutoCode/tempcode/ProjectName/Implementations/FAQService.cs(157,17): error CS1003: Syntax error, '(' expected [/Users/dagnikos/Projects/AutoCode/tempcode/ProjectName/ProjectName.csproj]
/Users/dagnikos/Projects/AutoCode/tempcode/ProjectName/Implementations/FAQService.cs(157,28): error CS1003: Syntax error, ',' expected [/Users/dagnikos/Projects/AutoCode/tempcode/ProjectName/ProjectName.csproj]
/Users/dagnikos/Projects/AutoCode/tempcode/ProjectName/Implementations/FAQService.cs(157,31): error CS1003: Syntax error, ',' expected [/Users/dagnikos/Projects/AutoCode/tempcode/ProjectName/ProjectName.csproj]
/Users/dagnikos/Projects/AutoCode/tempcode/ProjectName/Implementations/FAQService.cs(157,52): error CS1003: Syntax error, ',' expected [/Users/dagnikos/Projects/AutoCode/tempcode/ProjectName/ProjectName.csproj]
/Users/dagnikos/Projects/AutoCode/tempcode/ProjectName/Implementations/FAQService.cs(157,53): error CS1003: Syntax error, ',' expected [/Users/dagnikos/Projects/AutoCode/tempcode/ProjectName/ProjectName.csproj]
/Users/dagnikos/Projects/AutoCode/tempcode/ProjectName/Implementations/FAQService.cs(158,21): error CS1003: Syntax error, ',' expected [/Users/dagnikos/Projects/AutoCode/tempcode/ProjectName/ProjectName.csproj]
/Users/dagnikos/Projects/AutoCode/tempcode/ProjectName/Implementations/FAQService.cs(159,21): error CS1002: ; expected [/Users/dagnikos/Projects/AutoCode/tempcode/ProjectName/ProjectName.csproj]
/Users/dagnikos/Projects/AutoCode/tempcode/ProjectName/Implementations/FAQService.cs(159,89): error CS1026: ) expected [/Users/dagnikos/Projects/AutoCode/tempcode/ProjectName/ProjectName.csproj]
/Users/dagnikos/Projects/AutoCode/tempcode/ProjectName/Implementations/FAQService.cs(210,13): error CS1524: Expected catch or finally [/Users/dagnikos/Projects/AutoCode/tempcode/ProjectName/ProjectName.csproj]
/Users/dagnikos/Projects/AutoCode/tempcode/ProjectName/Implementations/FAQService.cs(172,20): error CS1514: { expected [/Users/dagnikos/Projects/AutoCode/tempcode/ProjectName/ProjectName.csproj]
/Users/dagnikos/Projects/AutoCode/tempcode/ProjectName/Implementations/FAQService.cs(172,20): error CS1513: } expected [/Users/dagnikos/Projects/AutoCode/tempcode/ProjectName/ProjectName.csproj]
/Users/dagnikos/Projects/AutoCode/tempcode/ProjectName/Implementations/FAQService.cs(207,33): error CS1002: ; expected [/Users/dagnikos/Projects/AutoCode/tempcode/ProjectName/ProjectName.csproj]
/Users/dagnikos/Projects/AutoCode/tempcode/ProjectName/Implementations/FAQService.cs(207,33): error CS1513: } expected [/Users/dagnikos/Projects/AutoCode/tempcode/ProjectName/ProjectName.csproj]
/Users/dagnikos/Projects/AutoCode/tempcode/ProjectName/Implementations/FAQService.cs(215,9): error CS0106: The modifier 'public' is not valid for this item [/Users/dagnikos/Projects/AutoCode/tempcode/ProjectName/ProjectName.csproj]
/Users/dagnikos/Projects/AutoCode/tempcode/ProjectName/Implementations/FAQService.cs(235,20): error CS1524: Expected catch or finally [/Users/dagnikos/Projects/AutoCode/tempcode/ProjectName/ProjectName.csproj]
/Users/dagnikos/Projects/AutoCode/tempcode/ProjectName/Implementations/FAQService.cs(235,20): error CS1514: { expected [/Users/dagnikos/Projects/AutoCode/tempcode/ProjectName/ProjectName.csproj]
/Users/dagnikos/Projects/AutoCode/tempcode/ProjectName/Implementations/FAQService.cs(235,20): error CS1513: } expected [/Users/dagnikos/Projects/AutoCode/tempcode/ProjectName/ProjectName.csproj]
/Users/dagnikos/Projects/AutoCode/tempcode/ProjectName/Implementations/FAQService.cs(243,33): error CS1002: ; expected [/Users/dagnikos/Projects/AutoCode/tempcode/ProjectName/ProjectName.csproj]
/Users/dagnikos/Projects/AutoCode/tempcode/ProjectName/Implementations/FAQService.cs(243,33): error CS1513: } expected [/Users/dagnikos/Projects/AutoCode/tempcode/ProjectName/ProjectName.csproj]
/Users/dagnikos/Projects/AutoCode/tempcode/ProjectName/Implementations/FAQService.cs(248,13): error CS1519: Invalid token 'return' in class, record, struct, or interface member declaration [/Users/dagnikos/Projects/AutoCode/tempcode/ProjectName/ProjectName.csproj]
/Users/dagnikos/Projects/AutoCode/tempcode/ProjectName/Implementations/FAQService.cs(248,24): error CS1519: Invalid token ';' in class, record, struct, or interface member declaration [/Users/dagnikos/Projects/AutoCode/tempcode/ProjectName/ProjectName.csproj]
/Users/dagnikos/Projects/AutoCode/tempcode/ProjectName/Implementations/FAQService.cs(268,30): error CS1026: ) expected [/Users/dagnikos/Projects/AutoCode/tempcode/ProjectName/ProjectName.csproj]
/Users/dagnikos/Projects/AutoCode/tempcode/ProjectName/Implementations/FAQService.cs(268,37): error CS1002: ; expected [/Users/dagnikos/Projects/AutoCode/tempcode/ProjectName/ProjectName.csproj]
/Users/dagnikos/Projects/AutoCode/tempcode/ProjectName/Implementations/FAQService.cs(268,47): error CS1002: ; expected [/Users/dagnikos/Projects/AutoCode/tempcode/ProjectName/ProjectName.csproj]
/Users/dagnikos/Projects/AutoCode/tempcode/ProjectName/Implementations/FAQService.cs(268,47): error CS1513: } expected [/Users/dagnikos/Projects/AutoCode/tempcode/ProjectName/ProjectName.csproj]
/Users/dagnikos/Projects/AutoCode/tempcode/ProjectName/Implementations/FAQService.cs(279,17): error CS1003: Syntax error, '(' expected [/Users/dagnikos/Projects/AutoCode/tempcode/ProjectName/ProjectName.csproj]
/Users/dagnikos/Projects/AutoCode/tempcode/ProjectName/Implementations/FAQService.cs(279,28): error CS1003: Syntax error, ',' expected [/Users/dagnikos/Projects/AutoCode/tempcode/ProjectName/ProjectName.csproj]
/Users/dagnikos/Projects/AutoCode/tempcode/ProjectName/Implementations/FAQService.cs(279,31): error CS1003: Syntax error, ',' expected [/Users/dagnikos/Projects/AutoCode/tempcode/ProjectName/ProjectName.csproj]
/Users/dagnikos/Projects/AutoCode/tempcode/ProjectName/Implementations/FAQService.cs(279,45): error CS1003: Syntax error, ',' expected [/Users/dagnikos/Projects/AutoCode/tempcode/ProjectName/ProjectName.csproj]
/Users/dagnikos/Projects/AutoCode/tempcode/ProjectName/Implementations/FAQService.cs(279,46): error CS1003: Syntax error, ',' expected [/Users/dagnikos/Projects/AutoCode/tempcode/ProjectName/ProjectName.csproj]
/Users/dagnikos/Projects/AutoCode/tempcode/ProjectName/Implementations/FAQService.cs(280,21): error CS1003: Syntax error, ',' expected [/Users/dagnikos/Projects/AutoCode/tempcode/ProjectName/ProjectName.csproj]
/Users/dagnikos/Projects/AutoCode/tempcode/ProjectName/Implementations/FAQService.cs(281,21): error CS1002: ; expected [/Users/dagnikos/Projects/AutoCode/tempcode/ProjectName/ProjectName.csproj]
/Users/dagnikos/Projects/AutoCode/tempcode/ProjectName/Implementations/FAQService.cs(281,89): error CS1026: ) expected [/Users/dagnikos/Projects/AutoCode/tempcode/ProjectName/ProjectName.csproj]
/Users/dagnikos/Projects/AutoCode/tempcode/ProjectName/Implementations/FAQService.cs(289,17): error CS1003: Syntax error, '(' expected [/Users/dagnikos/Projects/AutoCode/tempcode/ProjectName/ProjectName.csproj]
/Users/dagnikos/Projects/AutoCode/tempcode/ProjectName/Implementations/FAQService.cs(289,21): error CS1003: Syntax error, ',' expected [/Users/dagnikos/Projects/AutoCode/tempcode/ProjectName/ProjectName.csproj]
/Users/dagnikos/Projects/AutoCode/tempcode/ProjectName/Implementations/FAQService.cs(289,24): error CS1003: Syntax error, ',' expected [/Users/dagnikos/Projects/AutoCode/tempcode/ProjectName/ProjectName.csproj]
/Users/dagnikos/Projects/AutoCode/tempcode/ProjectName/Implementations/FAQService.cs(289,28): error CS1003: Syntax error, ',' expected [/Users/dagnikos/Projects/AutoCode/tempcode/ProjectName/ProjectName.csproj]
/Users/dagnikos/Projects/AutoCode/tempcode/ProjectName/Implementations/FAQService.cs(289,29): error CS1003: Syntax error, ',' expected [/Users/dagnikos/Projects/AutoCode/tempcode/ProjectName/ProjectName.csproj]
/Users/dagnikos/Projects/AutoCode/tempcode/ProjectName/Implementations/FAQService.cs(290,105): error CS1525: Invalid expression term 'return' [/Users/dagnikos/Projects/AutoCode/tempcode/ProjectName/ProjectName.csproj]
/Users/dagnikos/Projects/AutoCode/tempcode/ProjectName/Implementations/FAQService.cs(290,105): error CS1002: ; expected [/Users/dagnikos/Projects/AutoCode/tempcode/ProjectName/ProjectName.csproj]
/Users/dagnikos/Projects/AutoCode/tempcode/ProjectName/Implementations/FAQService.cs(290,105): error CS1026: ) expected [/Users/dagnikos/Projects/AutoCode/tempcode/ProjectName/ProjectName.csproj]
/Users/dagnikos/Projects/AutoCode/tempcode/ProjectName/Implementations/FAQService.cs(295,1): error CS1022: Type or namespace definition, or end-of-file expected [/Users/dagnikos/Projects/AutoCode/tempcode/ProjectName/ProjectName.csproj]
    1 Warning(s)
    42 Error(s)

Time Elapsed 00:00:03.60
