{"filepath": "/Users/dagnikos/Projects/AutoCode/tempcode/ProjectName/Program.cs", "filename": "Program.cs", "category": "ProjectName", "error": "Unexpected character '`'", "error_code": "CS1056", "error_line": "(1,103)", "raw": "Error: /Users/dagnikos/Projects/AutoCode/tempcode/ProjectName/Program.cs(1,103): error CS1056: Unexpected character '`'"}{"filepath": "/Users/dagnikos/Projects/AutoCode/tempcode/ProjectName/Program.cs", "filename": "Program.cs", "category": "ProjectName", "error": "; expected", "error_code": "CS1002", "error_line": "(1,105)", "raw": "Error: /Users/dagnikos/Projects/AutoCode/tempcode/ProjectName/Program.cs(1,105): error CS1002: ; expected"}{"filepath": "/Users/dagnikos/Projects/AutoCode/tempcode/ProjectName/Program.cs", "filename": "Program.cs", "category": "ProjectName", "error": "Identifier expected", "error_code": "CS1001", "error_line": "(1,114)", "raw": "Error: /Users/dagnikos/Projects/AutoCode/tempcode/ProjectName/Program.cs(1,114): error CS1001: Identifier expected"}{"filepath": "/Users/dagnikos/Projects/AutoCode/tempcode/ProjectName/Program.cs", "filename": "Program.cs", "category": "ProjectName", "error": "{ expected", "error_code": "CS1514", "error_line": "(1,114)", "raw": "Error: /Users/dagnikos/Projects/AutoCode/tempcode/ProjectName/Program.cs(1,114): error CS1514: { expected"}{"filepath": "/Users/dagnikos/Projects/AutoCode/tempcode/ProjectName/Program.cs", "filename": "Program.cs", "category": "ProjectName", "error": "Syntax error, ',' expected", "error_code": "CS1003", "error_line": "(1,12)", "raw": "Error: /Users/dagnikos/Projects/AutoCode/tempcode/ProjectName/Program.cs(1,12): error CS1003: Syntax error, ',' expected"}{"filepath": "/Users/dagnikos/Projects/AutoCode/tempcode/ProjectName/Program.cs", "filename": "Program.cs", "category": "ProjectName", "error": "; expected", "error_code": "CS1002", "error_line": "(1,125)", "raw": "Error: /Users/dagnikos/Projects/AutoCode/tempcode/ProjectName/Program.cs(1,125): error CS1002: ; expected"}{"filepath": "/Users/dagnikos/Projects/AutoCode/tempcode/ProjectName/Program.cs", "filename": "Program.cs", "category": "ProjectName", "error": "; expected", "error_code": "CS1002", "error_line": "(1,132)", "raw": "Error: /Users/dagnikos/Projects/AutoCode/tempcode/ProjectName/Program.cs(1,132): error CS1002: ; expected"}{"filepath": "/Users/dagnikos/Projects/AutoCode/tempcode/ProjectName/Program.cs", "filename": "Program.cs", "category": "ProjectName", "error": "; expected", "error_code": "CS1002", "error_line": "(1,144)", "raw": "Error: /Users/dagnikos/Projects/AutoCode/tempcode/ProjectName/Program.cs(1,144): error CS1002: ; expected"}{"filepath": "/Users/dagnikos/Projects/AutoCode/tempcode/ProjectName/Program.cs", "filename": "Program.cs", "category": "ProjectName", "error": "; expected", "error_code": "CS1002", "error_line": "(1,151)", "raw": "Error: /Users/dagnikos/Projects/AutoCode/tempcode/ProjectName/Program.cs(1,151): error CS1002: ; expected"}{"filepath": "/Users/dagnikos/Projects/AutoCode/tempcode/ProjectName/Program.cs", "filename": "Program.cs", "category": "ProjectName", "error": "Unexpected character '`'", "error_code": "CS1056", "error_line": "(1,151)", "raw": "Error: /Users/dagnikos/Projects/AutoCode/tempcode/ProjectName/Program.cs(1,151): error CS1056: Unexpected character '`'"}{"filepath": "/Users/dagnikos/Projects/AutoCode/tempcode/ProjectName/Program.cs", "filename": "Program.cs", "category": "ProjectName", "error": "A namespace cannot directly contain members such as fields, methods or statements", "error_code": "CS0116", "error_line": "(1,164)", "raw": "Error: /Users/dagnikos/Projects/AutoCode/tempcode/ProjectName/Program.cs(1,164): error CS0116: A namespace cannot directly contain members such as fields, methods or statements"}{"filepath": "/Users/dagnikos/Projects/AutoCode/tempcode/ProjectName/Program.cs", "filename": "Program.cs", "category": "ProjectName", "error": "Unexpected character '`'", "error_code": "CS1056", "error_line": "(1,173)", "raw": "Error: /Users/dagnikos/Projects/AutoCode/tempcode/ProjectName/Program.cs(1,173): error CS1056: Unexpected character '`'"}{"filepath": "/Users/dagnikos/Projects/AutoCode/tempcode/ProjectName/Program.cs", "filename": "Program.cs", "category": "ProjectName", "error": "; expected", "error_code": "CS1002", "error_line": "(1,193)", "raw": "Error: /Users/dagnikos/Projects/AutoCode/tempcode/ProjectName/Program.cs(1,193): error CS1002: ; expected"}{"filepath": "/Users/dagnikos/Projects/AutoCode/tempcode/ProjectName/Program.cs", "filename": "Program.cs", "category": "ProjectName", "error": "; expected", "error_code": "CS1002", "error_line": "(1,201)", "raw": "Error: /Users/dagnikos/Projects/AutoCode/tempcode/ProjectName/Program.cs(1,201): error CS1002: ; expected"}{"filepath": "/Users/dagnikos/Projects/AutoCode/tempcode/ProjectName/Program.cs", "filename": "Program.cs", "category": "ProjectName", "error": "; expected", "error_code": "CS1002", "error_line": "(1,211)", "raw": "Error: /Users/dagnikos/Projects/AutoCode/tempcode/ProjectName/Program.cs(1,211): error CS1002: ; expected"}{"filepath": "/Users/dagnikos/Projects/AutoCode/tempcode/ProjectName/Program.cs", "filename": "Program.cs", "category": "ProjectName", "error": "; expected", "error_code": "CS1002", "error_line": "(1,225)", "raw": "Error: /Users/dagnikos/Projects/AutoCode/tempcode/ProjectName/Program.cs(1,225): error CS1002: ; expected"}{"filepath": "/Users/dagnikos/Projects/AutoCode/tempcode/ProjectName/Program.cs", "filename": "Program.cs", "category": "ProjectName", "error": "A namespace cannot directly contain members such as fields, methods or statements", "error_code": "CS0116", "error_line": "(1,234)", "raw": "Error: /Users/dagnikos/Projects/AutoCode/tempcode/ProjectName/Program.cs(1,234): error CS0116: A namespace cannot directly contain members such as fields, methods or statements"}{"filepath": "/Users/dagnikos/Projects/AutoCode/tempcode/ProjectName/Program.cs", "filename": "Program.cs", "category": "ProjectName", "error": "Newline in constant", "error_code": "CS1010", "error_line": "(1,238)", "raw": "Error: /Users/dagnikos/Projects/AutoCode/tempcode/ProjectName/Program.cs(1,238): error CS1010: Newline in constant"}{"filepath": "/Users/dagnikos/Projects/AutoCode/tempcode/ProjectName/Program.cs", "filename": "Program.cs", "category": "ProjectName", "error": "Too many characters in character literal", "error_code": "CS1012", "error_line": "(1,238)", "raw": "Error: /Users/dagnikos/Projects/AutoCode/tempcode/ProjectName/Program.cs(1,238): error CS1012: Too many characters in character literal"}{"filepath": "/Users/dagnikos/Projects/AutoCode/tempcode/ProjectName/Program.cs", "filename": "Program.cs", "category": "ProjectName", "error": "Unexpected character '`'", "error_code": "CS1056", "error_line": "(1,37)", "raw": "Error: /Users/dagnikos/Projects/AutoCode/tempcode/ProjectName/Program.cs(1,37): error CS1056: Unexpected character '`'"}{"filepath": "/Users/dagnikos/Projects/AutoCode/tempcode/ProjectName/Program.cs", "filename": "Program.cs", "category": "ProjectName", "error": "Unexpected character '`'", "error_code": "CS1056", "error_line": "(1,51)", "raw": "Error: /Users/dagnikos/Projects/AutoCode/tempcode/ProjectName/Program.cs(1,51): error CS1056: Unexpected character '`'"}{"filepath": "/Users/dagnikos/Projects/AutoCode/tempcode/ProjectName/Program.cs", "filename": "Program.cs", "category": "ProjectName", "error": "Unexpected character '`'", "error_code": "CS1056", "error_line": "(1,81)", "raw": "Error: /Users/dagnikos/Projects/AutoCode/tempcode/ProjectName/Program.cs(1,81): error CS1056: Unexpected character '`'"}{"filepath": "/Users/dagnikos/Projects/AutoCode/tempcode/ProjectName/Program.cs", "filename": "Program.cs", "category": "ProjectName", "error": "A using clause must precede all other elements defined in the namespace except extern alias declarations", "error_code": "CS1529", "error_line": "(10,1)", "raw": "Error: /Users/dagnikos/Projects/AutoCode/tempcode/ProjectName/Program.cs(10,1): error CS1529: A using clause must precede all other elements defined in the namespace except extern alias declarations"}{"filepath": "/Users/dagnikos/Projects/AutoCode/tempcode/ProjectName/Program.cs", "filename": "Program.cs", "category": "ProjectName", "error": "A using clause must precede all other elements defined in the namespace except extern alias declarations", "error_code": "CS1529", "error_line": "(11,1)", "raw": "Error: /Users/dagnikos/Projects/AutoCode/tempcode/ProjectName/Program.cs(11,1): error CS1529: A using clause must precede all other elements defined in the namespace except extern alias declarations"}{"filepath": "/Users/dagnikos/Projects/AutoCode/tempcode/ProjectName/Program.cs", "filename": "Program.cs", "category": "ProjectName", "error": "A using clause must precede all other elements defined in the namespace except extern alias declarations", "error_code": "CS1529", "error_line": "(12,1)", "raw": "Error: /Users/dagnikos/Projects/AutoCode/tempcode/ProjectName/Program.cs(12,1): error CS1529: A using clause must precede all other elements defined in the namespace except extern alias declarations"}{"filepath": "/Users/dagnikos/Projects/AutoCode/tempcode/ProjectName/Program.cs", "filename": "Program.cs", "category": "ProjectName", "error": "A using clause must precede all other elements defined in the namespace except extern alias declarations", "error_code": "CS1529", "error_line": "(13,1)", "raw": "Error: /Users/dagnikos/Projects/AutoCode/tempcode/ProjectName/Program.cs(13,1): error CS1529: A using clause must precede all other elements defined in the namespace except extern alias declarations"}{"filepath": "/Users/dagnikos/Projects/AutoCode/tempcode/ProjectName/Program.cs", "filename": "Program.cs", "category": "ProjectName", "error": "A namespace cannot directly contain members such as fields, methods or statements", "error_code": "CS0116", "error_line": "(17,18)", "raw": "Error: /Users/dagnikos/Projects/AutoCode/tempcode/ProjectName/Program.cs(17,18): error CS0116: A namespace cannot directly contain members such as fields, methods or statements"}{"filepath": "/Users/dagnikos/Projects/AutoCode/tempcode/ProjectName/Program.cs", "filename": "Program.cs", "category": "ProjectName", "error": "Tuple must contain at least two elements.", "error_code": "CS8124", "error_line": "(17,33)", "raw": "Error: /Users/dagnikos/Projects/AutoCode/tempcode/ProjectName/Program.cs(17,33): error CS8124: Tuple must contain at least two elements."}{"filepath": "/Users/dagnikos/Projects/AutoCode/tempcode/ProjectName/Program.cs", "filename": "Program.cs", "category": "ProjectName", "error": "Type or namespace definition, or end-of-file expected", "error_code": "CS1022", "error_line": "(17,34)", "raw": "Error: /Users/dagnikos/Projects/AutoCode/tempcode/ProjectName/Program.cs(17,34): error CS1022: Type or namespace definition, or end-of-file expected"}{"filepath": "/Users/dagnikos/Projects/AutoCode/tempcode/ProjectName/Program.cs", "filename": "Program.cs", "category": "ProjectName", "error": "A namespace cannot directly contain members such as fields, methods or statements", "error_code": "CS0116", "error_line": "(18,18)", "raw": "Error: /Users/dagnikos/Projects/AutoCode/tempcode/ProjectName/Program.cs(18,18): error CS0116: A namespace cannot directly contain members such as fields, methods or statements"}{"filepath": "/Users/dagnikos/Projects/AutoCode/tempcode/ProjectName/Program.cs", "filename": "Program.cs", "category": "ProjectName", "error": "Tuple must contain at least two elements.", "error_code": "CS8124", "error_line": "(18,42)", "raw": "Error: /Users/dagnikos/Projects/AutoCode/tempcode/ProjectName/Program.cs(18,42): error CS8124: Tuple must contain at least two elements."}{"filepath": "/Users/dagnikos/Projects/AutoCode/tempcode/ProjectName/Program.cs", "filename": "Program.cs", "category": "ProjectName", "error": "Type or namespace definition, or end-of-file expected", "error_code": "CS1022", "error_line": "(18,43)", "raw": "Error: /Users/dagnikos/Projects/AutoCode/tempcode/ProjectName/Program.cs(18,43): error CS1022: Type or namespace definition, or end-of-file expected"}{"filepath": "/Users/dagnikos/Projects/AutoCode/tempcode/ProjectName/Program.cs", "filename": "Program.cs", "category": "ProjectName", "error": "A namespace cannot directly contain members such as fields, methods or statements", "error_code": "CS0116", "error_line": "(19,18)", "raw": "Error: /Users/dagnikos/Projects/AutoCode/tempcode/ProjectName/Program.cs(19,18): error CS0116: A namespace cannot directly contain members such as fields, methods or statements"}{"filepath": "/Users/dagnikos/Projects/AutoCode/tempcode/ProjectName/Program.cs", "filename": "Program.cs", "category": "ProjectName", "error": "Tuple must contain at least two elements.", "error_code": "CS8124", "error_line": "(19,32)", "raw": "Error: /Users/dagnikos/Projects/AutoCode/tempcode/ProjectName/Program.cs(19,32): error CS8124: Tuple must contain at least two elements."}{"filepath": "/Users/dagnikos/Projects/AutoCode/tempcode/ProjectName/Program.cs", "filename": "Program.cs", "category": "ProjectName", "error": "Type or namespace definition, or end-of-file expected", "error_code": "CS1022", "error_line": "(19,33)", "raw": "Error: /Users/dagnikos/Projects/AutoCode/tempcode/ProjectName/Program.cs(19,33): error CS1022: Type or namespace definition, or end-of-file expected"}{"filepath": "/Users/dagnikos/Projects/AutoCode/tempcode/ProjectName/Program.cs", "filename": "Program.cs", "category": "ProjectName", "error": "A namespace cannot directly contain members such as fields, methods or statements", "error_code": "CS0116", "error_line": "(20,59)", "raw": "Error: /Users/dagnikos/Projects/AutoCode/tempcode/ProjectName/Program.cs(20,59): error CS0116: A namespace cannot directly contain members such as fields, methods or statements"}{"filepath": "/Users/dagnikos/Projects/AutoCode/tempcode/ProjectName/Program.cs", "filename": "Program.cs", "category": "ProjectName", "error": "Tuple must contain at least two elements.", "error_code": "CS8124", "error_line": "(20,61)", "raw": "Error: /Users/dagnikos/Projects/AutoCode/tempcode/ProjectName/Program.cs(20,61): error CS8124: Tuple must contain at least two elements."}{"filepath": "/Users/dagnikos/Projects/AutoCode/tempcode/ProjectName/Program.cs", "filename": "Program.cs", "category": "ProjectName", "error": "Type or namespace definition, or end-of-file expected", "error_code": "CS1022", "error_line": "(20,62)", "raw": "Error: /Users/dagnikos/Projects/AutoCode/tempcode/ProjectName/Program.cs(20,62): error CS1022: Type or namespace definition, or end-of-file expected"}{"filepath": "/Users/dagnikos/Projects/AutoCode/tempcode/ProjectName/Program.cs", "filename": "Program.cs", "category": "ProjectName", "error": "A namespace cannot directly contain members such as fields, methods or statements", "error_code": "CS0116", "error_line": "(21,41)", "raw": "Error: /Users/dagnikos/Projects/AutoCode/tempcode/ProjectName/Program.cs(21,41): error CS0116: A namespace cannot directly contain members such as fields, methods or statements"}{"filepath": "/Users/dagnikos/Projects/AutoCode/tempcode/ProjectName/Program.cs", "filename": "Program.cs", "category": "ProjectName", "error": "Type or namespace definition, or end-of-file expected", "error_code": "CS1022", "error_line": "(21,46)", "raw": "Error: /Users/dagnikos/Projects/AutoCode/tempcode/ProjectName/Program.cs(21,46): error CS1022: Type or namespace definition, or end-of-file expected"}{"filepath": "/Users/dagnikos/Projects/AutoCode/tempcode/ProjectName/Program.cs", "filename": "Program.cs", "category": "ProjectName", "error": ") expected", "error_code": "CS1026", "error_line": "(21,46)", "raw": "Error: /Users/dagnikos/Projects/AutoCode/tempcode/ProjectName/Program.cs(21,46): error CS1026: ) expected"}{"filepath": "/Users/dagnikos/Projects/AutoCode/tempcode/ProjectName/Program.cs", "filename": "Program.cs", "category": "ProjectName", "error": "Tuple must contain at least two elements.", "error_code": "CS8124", "error_line": "(21,46)", "raw": "Error: /Users/dagnikos/Projects/AutoCode/tempcode/ProjectName/Program.cs(21,46): error CS8124: Tuple must contain at least two elements."}{"filepath": "/Users/dagnikos/Projects/AutoCode/tempcode/ProjectName/Program.cs", "filename": "Program.cs", "category": "ProjectName", "error": "A namespace cannot directly contain members such as fields, methods or statements", "error_code": "CS0116", "error_line": "(23,10)", "raw": "Error: /Users/dagnikos/Projects/AutoCode/tempcode/ProjectName/Program.cs(23,10): error CS0116: A namespace cannot directly contain members such as fields, methods or statements"}{"filepath": "/Users/dagnikos/Projects/AutoCode/tempcode/ProjectName/Program.cs", "filename": "Program.cs", "category": "ProjectName", "error": "Tuple must contain at least two elements.", "error_code": "CS8124", "error_line": "(23,15)", "raw": "Error: /Users/dagnikos/Projects/AutoCode/tempcode/ProjectName/Program.cs(23,15): error CS8124: Tuple must contain at least two elements."}{"filepath": "/Users/dagnikos/Projects/AutoCode/tempcode/ProjectName/Program.cs", "filename": "Program.cs", "category": "ProjectName", "error": "Type or namespace definition, or end-of-file expected", "error_code": "CS1022", "error_line": "(23,16)", "raw": "Error: /Users/dagnikos/Projects/AutoCode/tempcode/ProjectName/Program.cs(23,16): error CS1022: Type or namespace definition, or end-of-file expected"}{"filepath": "/Users/dagnikos/Projects/AutoCode/tempcode/ProjectName/Program.cs", "filename": "Program.cs", "category": "ProjectName", "error": "A namespace cannot directly contain members such as fields, methods or statements", "error_code": "CS0116", "error_line": "(24,12)", "raw": "Error: /Users/dagnikos/Projects/AutoCode/tempcode/ProjectName/Program.cs(24,12): error CS0116: A namespace cannot directly contain members such as fields, methods or statements"}{"filepath": "/Users/dagnikos/Projects/AutoCode/tempcode/ProjectName/Program.cs", "filename": "Program.cs", "category": "ProjectName", "error": "Type or namespace definition, or end-of-file expected", "error_code": "CS1022", "error_line": "(24,16)", "raw": "Error: /Users/dagnikos/Projects/AutoCode/tempcode/ProjectName/Program.cs(24,16): error CS1022: Type or namespace definition, or end-of-file expected"}{"filepath": "/Users/dagnikos/Projects/AutoCode/tempcode/ProjectName/Program.cs", "filename": "Program.cs", "category": "ProjectName", "error": "Type or namespace definition, or end-of-file expected", "error_code": "CS1022", "error_line": "(25,2)", "raw": "Error: /Users/dagnikos/Projects/AutoCode/tempcode/ProjectName/Program.cs(25,2): error CS1022: Type or namespace definition, or end-of-file expected"}{"filepath": "/Users/dagnikos/Projects/AutoCode/tempcode/ProjectName/Program.cs", "filename": "Program.cs", "category": "ProjectName", "error": "Top-level statements must precede namespace and type declarations.", "error_code": "CS8803", "error_line": "(25,3)", "raw": "Error: /Users/dagnikos/Projects/AutoCode/tempcode/ProjectName/Program.cs(25,3): error CS8803: Top-level statements must precede namespace and type declarations."}{"filepath": "/Users/dagnikos/Projects/AutoCode/tempcode/ProjectName/Program.cs", "filename": "Program.cs", "category": "ProjectName", "error": "Unexpected character '`'", "error_code": "CS1056", "error_line": "(3,1)", "raw": "Error: /Users/dagnikos/Projects/AutoCode/tempcode/ProjectName/Program.cs(3,1): error CS1056: Unexpected character '`'"}{"filepath": "/Users/dagnikos/Projects/AutoCode/tempcode/ProjectName/Program.cs", "filename": "Program.cs", "category": "ProjectName", "error": "Unexpected character '`'", "error_code": "CS1056", "error_line": "(3,2)", "raw": "Error: /Users/dagnikos/Projects/AutoCode/tempcode/ProjectName/Program.cs(3,2): error CS1056: Unexpected character '`'"}{"filepath": "/Users/dagnikos/Projects/AutoCode/tempcode/ProjectName/Program.cs", "filename": "Program.cs", "category": "ProjectName", "error": "Unexpected character '`'", "error_code": "CS1056", "error_line": "(3,3)", "raw": "Error: /Users/dagnikos/Projects/AutoCode/tempcode/ProjectName/Program.cs(3,3): error CS1056: Unexpected character '`'"}{"filepath": "/Users/dagnikos/Projects/AutoCode/tempcode/ProjectName/Program.cs", "filename": "Program.cs", "category": "ProjectName", "error": "A namespace cannot directly contain members such as fields, methods or statements", "error_code": "CS0116", "error_line": "(3,4)", "raw": "Error: /Users/dagnikos/Projects/AutoCode/tempcode/ProjectName/Program.cs(3,4): error CS0116: A namespace cannot directly contain members such as fields, methods or statements"}{"filepath": "/Users/dagnikos/Projects/AutoCode/tempcode/ProjectName/Program.cs", "filename": "Program.cs", "category": "ProjectName", "error": "A using clause must precede all other elements defined in the namespace except extern alias declarations", "error_code": "CS1529", "error_line": "(4,1)", "raw": "Error: /Users/dagnikos/Projects/AutoCode/tempcode/ProjectName/Program.cs(4,1): error CS1529: A using clause must precede all other elements defined in the namespace except extern alias declarations"}{"filepath": "/Users/dagnikos/Projects/AutoCode/tempcode/ProjectName/Program.cs", "filename": "Program.cs", "category": "ProjectName", "error": "Unexpected character '`'", "error_code": "CS1056", "error_line": "(40,1)", "raw": "Error: /Users/dagnikos/Projects/AutoCode/tempcode/ProjectName/Program.cs(40,1): error CS1056: Unexpected character '`'"}{"filepath": "/Users/dagnikos/Projects/AutoCode/tempcode/ProjectName/Program.cs", "filename": "Program.cs", "category": "ProjectName", "error": "Unexpected character '`'", "error_code": "CS1056", "error_line": "(40,2)", "raw": "Error: /Users/dagnikos/Projects/AutoCode/tempcode/ProjectName/Program.cs(40,2): error CS1056: Unexpected character '`'"}{"filepath": "/Users/dagnikos/Projects/AutoCode/tempcode/ProjectName/Program.cs", "filename": "Program.cs", "category": "ProjectName", "error": "Unexpected character '`'", "error_code": "CS1056", "error_line": "(40,3)", "raw": "Error: /Users/dagnikos/Projects/AutoCode/tempcode/ProjectName/Program.cs(40,3): error CS1056: Unexpected character '`'"}{"filepath": "/Users/dagnikos/Projects/AutoCode/tempcode/ProjectName/Program.cs", "filename": "Program.cs", "category": "ProjectName", "error": "A namespace cannot directly contain members such as fields, methods or statements", "error_code": "CS0116", "error_line": "(42,1)", "raw": "Error: /Users/dagnikos/Projects/AutoCode/tempcode/ProjectName/Program.cs(42,1): error CS0116: A namespace cannot directly contain members such as fields, methods or statements"}{"filepath": "/Users/dagnikos/Projects/AutoCode/tempcode/ProjectName/Program.cs", "filename": "Program.cs", "category": "ProjectName", "error": "Type or namespace definition, or end-of-file expected", "error_code": "CS1022", "error_line": "(42,13)", "raw": "Error: /Users/dagnikos/Projects/AutoCode/tempcode/ProjectName/Program.cs(42,13): error CS1022: Type or namespace definition, or end-of-file expected"}{"filepath": "/Users/dagnikos/Projects/AutoCode/tempcode/ProjectName/Program.cs", "filename": "Program.cs", "category": "ProjectName", "error": "; expected", "error_code": "CS1002", "error_line": "(42,170)", "raw": "Error: /Users/dagnikos/Projects/AutoCode/tempcode/ProjectName/Program.cs(42,170): error CS1002: ; expected"}{"filepath": "/Users/dagnikos/Projects/AutoCode/tempcode/ProjectName/Program.cs", "filename": "Program.cs", "category": "ProjectName", "error": "Type or namespace definition, or end-of-file expected", "error_code": "CS1022", "error_line": "(42,170)", "raw": "Error: /Users/dagnikos/Projects/AutoCode/tempcode/ProjectName/Program.cs(42,170): error CS1022: Type or namespace definition, or end-of-file expected"}{"filepath": "/Users/dagnikos/Projects/AutoCode/tempcode/ProjectName/Program.cs", "filename": "Program.cs", "category": "ProjectName", "error": "Syntax error, ',' expected", "error_code": "CS1003", "error_line": "(42,27)", "raw": "Error: /Users/dagnikos/Projects/AutoCode/tempcode/ProjectName/Program.cs(42,27): error CS1003: Syntax error, ',' expected"}{"filepath": "/Users/dagnikos/Projects/AutoCode/tempcode/ProjectName/Program.cs", "filename": "Program.cs", "category": "ProjectName", "error": "Unexpected character '`'", "error_code": "CS1056", "error_line": "(42,40)", "raw": "Error: /Users/dagnikos/Projects/AutoCode/tempcode/ProjectName/Program.cs(42,40): error CS1056: Unexpected character '`'"}{"filepath": "/Users/dagnikos/Projects/AutoCode/tempcode/ProjectName/Program.cs", "filename": "Program.cs", "category": "ProjectName", "error": "Unexpected character '`'", "error_code": "CS1056", "error_line": "(42,62)", "raw": "Error: /Users/dagnikos/Projects/AutoCode/tempcode/ProjectName/Program.cs(42,62): error CS1056: Unexpected character '`'"}{"filepath": "/Users/dagnikos/Projects/AutoCode/tempcode/ProjectName/Program.cs", "filename": "Program.cs", "category": "ProjectName", "error": "Unexpected character '`'", "error_code": "CS1056", "error_line": "(44,1)", "raw": "Error: /Users/dagnikos/Projects/AutoCode/tempcode/ProjectName/Program.cs(44,1): error CS1056: Unexpected character '`'"}{"filepath": "/Users/dagnikos/Projects/AutoCode/tempcode/ProjectName/Program.cs", "filename": "Program.cs", "category": "ProjectName", "error": "Unexpected character '`'", "error_code": "CS1056", "error_line": "(44,2)", "raw": "Error: /Users/dagnikos/Projects/AutoCode/tempcode/ProjectName/Program.cs(44,2): error CS1056: Unexpected character '`'"}{"filepath": "/Users/dagnikos/Projects/AutoCode/tempcode/ProjectName/Program.cs", "filename": "Program.cs", "category": "ProjectName", "error": "Unexpected character '`'", "error_code": "CS1056", "error_line": "(44,3)", "raw": "Error: /Users/dagnikos/Projects/AutoCode/tempcode/ProjectName/Program.cs(44,3): error CS1056: Unexpected character '`'"}{"filepath": "/Users/dagnikos/Projects/AutoCode/tempcode/ProjectName/Program.cs", "filename": "Program.cs", "category": "ProjectName", "error": "Syntax error, ',' expected", "error_code": "CS1003", "error_line": "(45,8)", "raw": "Error: /Users/dagnikos/Projects/AutoCode/tempcode/ProjectName/Program.cs(45,8): error CS1003: Syntax error, ',' expected"}{"filepath": "/Users/dagnikos/Projects/AutoCode/tempcode/ProjectName/Program.cs", "filename": "Program.cs", "category": "ProjectName", "error": "Unexpected character '`'", "error_code": "CS1056", "error_line": "(46,1)", "raw": "Error: /Users/dagnikos/Projects/AutoCode/tempcode/ProjectName/Program.cs(46,1): error CS1056: Unexpected character '`'"}{"filepath": "/Users/dagnikos/Projects/AutoCode/tempcode/ProjectName/Program.cs", "filename": "Program.cs", "category": "ProjectName", "error": "Unexpected character '`'", "error_code": "CS1056", "error_line": "(46,2)", "raw": "Error: /Users/dagnikos/Projects/AutoCode/tempcode/ProjectName/Program.cs(46,2): error CS1056: Unexpected character '`'"}{"filepath": "/Users/dagnikos/Projects/AutoCode/tempcode/ProjectName/Program.cs", "filename": "Program.cs", "category": "ProjectName", "error": "Unexpected character '`'", "error_code": "CS1056", "error_line": "(46,3)", "raw": "Error: /Users/dagnikos/Projects/AutoCode/tempcode/ProjectName/Program.cs(46,3): error CS1056: Unexpected character '`'"}{"filepath": "/Users/dagnikos/Projects/AutoCode/tempcode/ProjectName/Program.cs", "filename": "Program.cs", "category": "ProjectName", "error": "; expected", "error_code": "CS1002", "error_line": "(48,105)", "raw": "Error: /Users/dagnikos/Projects/AutoCode/tempcode/ProjectName/Program.cs(48,105): error CS1002: ; expected"}{"filepath": "/Users/dagnikos/Projects/AutoCode/tempcode/ProjectName/Program.cs", "filename": "Program.cs", "category": "ProjectName", "error": "A using clause must precede all other elements defined in the namespace except extern alias declarations", "error_code": "CS1529", "error_line": "(5,1)", "raw": "Error: /Users/dagnikos/Projects/AutoCode/tempcode/ProjectName/Program.cs(5,1): error CS1529: A using clause must precede all other elements defined in the namespace except extern alias declarations"}{"filepath": "/Users/dagnikos/Projects/AutoCode/tempcode/ProjectName/Program.cs", "filename": "Program.cs", "category": "ProjectName", "error": "A using clause must precede all other elements defined in the namespace except extern alias declarations", "error_code": "CS1529", "error_line": "(6,1)", "raw": "Error: /Users/dagnikos/Projects/AutoCode/tempcode/ProjectName/Program.cs(6,1): error CS1529: A using clause must precede all other elements defined in the namespace except extern alias declarations"}{"filepath": "/Users/dagnikos/Projects/AutoCode/tempcode/ProjectName/Program.cs", "filename": "Program.cs", "category": "ProjectName", "error": "A using clause must precede all other elements defined in the namespace except extern alias declarations", "error_code": "CS1529", "error_line": "(7,1)", "raw": "Error: /Users/dagnikos/Projects/AutoCode/tempcode/ProjectName/Program.cs(7,1): error CS1529: A using clause must precede all other elements defined in the namespace except extern alias declarations"}{"filepath": "/Users/dagnikos/Projects/AutoCode/tempcode/ProjectName/Program.cs", "filename": "Program.cs", "category": "ProjectName", "error": "A using clause must precede all other elements defined in the namespace except extern alias declarations", "error_code": "CS1529", "error_line": "(8,1)", "raw": "Error: /Users/dagnikos/Projects/AutoCode/tempcode/ProjectName/Program.cs(8,1): error CS1529: A using clause must precede all other elements defined in the namespace except extern alias declarations"}{"filepath": "/Users/dagnikos/Projects/AutoCode/tempcode/ProjectName/Program.cs", "filename": "Program.cs", "category": "ProjectName", "error": "A using clause must precede all other elements defined in the namespace except extern alias declarations", "error_code": "CS1529", "error_line": "(9,1)", "raw": "Error: /Users/dagnikos/Projects/AutoCode/tempcode/ProjectName/Program.cs(9,1): error CS1529: A using clause must precede all other elements defined in the namespace except extern alias declarations"}